<?xml version="1.0" encoding="UTF-8"?>
<!-- Generated by org.testng.reporters.JUnitXMLReporter -->
<testsuite hostname="vinus-Air.fios-router.home" name="Smoke Testcases" tests="3" failures="0" timestamp="9 Aug 2016 01:31:23 GMT" time="0.086" errors="0">
  <testcase name="FlightBooking" time="0.01" classname="testngFiles.Annotations"/>
  <testcase name="OpeningBrowser" time="0.011" classname="testngFiles.Annotations"/>
  <testcase name="software" time="0.004" classname="testngFiles.Annot2"/>
</testsuite> <!-- Smoke Testcases -->
